-------------------------------------------------------------------------------
Test set: com.example.task.TaskApplicationTests
-------------------------------------------------------------------------------
Tests run: 1, Failures: 0, Errors: 1, Skipped: 0, Time elapsed: 0.014 s <<< FAILURE! - in com.example.task.TaskApplicationTests
com.example.task.TaskApplicationTests  Time elapsed: 0.014 s  <<< ERROR!
java.lang.IllegalStateException: Unable to find a @SpringBootConfiguration, you need to use @ContextConfiguration or @SpringBootTest(classes=...) with your test

